2026-03-24 13:24:31,909 INFO o.a.j.u.JMeterUtils: Setting Locale to en_EN
2026-03-24 13:24:31,920 INFO o.a.j.JMeter: Loading user properties from: /opt/homebrew/Cellar/jmeter/5.6.3/libexec/bin/user.properties
2026-03-24 13:24:31,920 INFO o.a.j.JMeter: Loading system properties from: /opt/homebrew/Cellar/jmeter/5.6.3/libexec/bin/system.properties
2026-03-24 13:24:31,923 INFO o.a.j.JMeter: Copyright (c) 1998-2024 The Apache Software Foundation
2026-03-24 13:24:31,923 INFO o.a.j.JMeter: Version 5.6.3
2026-03-24 13:24:31,923 INFO o.a.j.JMeter: java.version=21.0.5
2026-03-24 13:24:31,923 INFO o.a.j.JMeter: java.vm.name=OpenJDK 64-Bit Server VM
2026-03-24 13:24:31,923 INFO o.a.j.JMeter: os.name=Mac OS X
2026-03-24 13:24:31,923 INFO o.a.j.JMeter: os.arch=aarch64
2026-03-24 13:24:31,923 INFO o.a.j.JMeter: os.version=15.5
2026-03-24 13:24:31,923 INFO o.a.j.JMeter: file.encoding=UTF-8
2026-03-24 13:24:31,923 INFO o.a.j.JMeter: java.awt.headless=null
2026-03-24 13:24:31,923 INFO o.a.j.JMeter: Max memory     =1073741824
2026-03-24 13:24:31,923 INFO o.a.j.JMeter: Available Processors =10
2026-03-24 13:24:31,929 INFO o.a.j.JMeter: Default Locale=English (EN)
2026-03-24 13:24:31,929 INFO o.a.j.JMeter: JMeter  Locale=English (EN)
2026-03-24 13:24:31,929 INFO o.a.j.JMeter: JMeterHome=/opt/homebrew/Cellar/jmeter/5.6.3/libexec
2026-03-24 13:24:31,930 INFO o.a.j.JMeter: user.dir  =/Users/amelia/github/SQArepo/VC
2026-03-24 13:24:31,930 INFO o.a.j.JMeter: PWD       =/Users/amelia/github/SQArepo/VC
2026-03-24 13:24:31,943 INFO o.a.j.JMeter: IP: 10.255.255.13 Name: ip-10-255-255-13.ap-northeast-2.compute.internal FullName: ip-10-255-255-13.ap-northeast-2.compute.internal
2026-03-24 13:24:31,951 INFO o.a.j.JMeter: Loaded icon properties from org/apache/jmeter/images/icon.properties
2026-03-24 13:24:32,431 INFO o.a.j.JMeterGuiLauncher: Setting LAF to: com.github.weisj.darklaf.DarkLaf:com.github.weisj.darklaf.theme.DarculaTheme
2026-03-24 13:24:33,569 INFO o.a.j.r.ClassFinder: Will scan jar /opt/homebrew/Cellar/jmeter/5.6.3/libexec/lib/ext/jmeter-plugins-manager-1.10.jar with filter ExtendsClassFilter [parents=[interface org.apache.jmeter.gui.action.Command], inner=false, contains=null, notContains=null]. Consider exposing JMeter plugins via META-INF/services, and add JMeter-Skip-Class-Scanning=true manifest attribute so JMeter can skip classfile scanning
2026-03-24 13:24:33,687 INFO o.a.j.r.ClassFinder: Will scan jar /opt/homebrew/Cellar/jmeter/5.6.3/libexec/lib/ext/mysql-connector-j-8.1.0.jar with filter ExtendsClassFilter [parents=[interface org.apache.jmeter.gui.action.Command], inner=false, contains=null, notContains=null]. Consider exposing JMeter plugins via META-INF/services, and add JMeter-Skip-Class-Scanning=true manifest attribute so JMeter can skip classfile scanning
2026-03-24 13:24:33,821 INFO o.a.j.r.ClassFinder: Will scan jar /opt/homebrew/Cellar/jmeter/5.6.3/libexec/lib/ext/jmeter-plugins-manager-1.10.jar with filter ExtendsClassFilter [parents=[interface org.apache.jmeter.gui.plugin.MenuCreator], inner=false, contains=null, notContains=null]. Consider exposing JMeter plugins via META-INF/services, and add JMeter-Skip-Class-Scanning=true manifest attribute so JMeter can skip classfile scanning
2026-03-24 13:24:33,823 INFO o.a.j.r.ClassFinder: Will scan jar /opt/homebrew/Cellar/jmeter/5.6.3/libexec/lib/ext/mysql-connector-j-8.1.0.jar with filter ExtendsClassFilter [parents=[interface org.apache.jmeter.gui.plugin.MenuCreator], inner=false, contains=null, notContains=null]. Consider exposing JMeter plugins via META-INF/services, and add JMeter-Skip-Class-Scanning=true manifest attribute so JMeter can skip classfile scanning
2026-03-24 13:24:33,883 INFO o.j.r.JARSourceHTTP: Requesting https://jmeter-plugins.org/repo/?installID=mac_os_x-1169c29e52c675b3661cfaa3a3ee3812-gui
2026-03-24 13:24:35,834 INFO o.j.r.PluginManager: Plugins Status: [jmeter-studio-oss=0.0.0-STOCK, jpgc-plugins-manager=1.10, jmeter-core=5.6.3, jmeter-ftp=5.6.3, jmeter-http=5.6.3, jmeter-jdbc=5.6.3, jmeter-jms=5.6.3, jmeter-junit=5.6.3, jmeter-java=5.6.3, jmeter-ldap=5.6.3, jmeter-mail=5.6.3, jmeter-mongodb=5.6.3, jmeter-native=5.6.3, jmeter-tcp=5.6.3, jmeter-components=5.6.3]
2026-03-24 13:24:35,834 INFO o.j.r.PluginManagerMenuItem: Plugins Manager has upgrades: [jmeter-studio-oss, jpgc-plugins-manager]
2026-03-24 13:24:48,208 INFO o.a.j.s.FileServer: Default base='/Users/amelia/github/SQArepo/VC'
2026-03-24 13:24:48,210 INFO o.a.j.g.a.Load: Loading file: /Users/amelia/github/SQArepo/VC/smoketest/smoketest1/VC_basic_feature_v222_Report.jmx
2026-03-24 13:24:48,210 INFO o.a.j.s.FileServer: Set new base='/Users/amelia/github/SQArepo/VC/smoketest/smoketest1'
2026-03-24 13:24:48,317 INFO o.a.j.s.SaveService: Testplan (JMX) version: 2.2. Testlog (JTL) version: 2.2
2026-03-24 13:24:48,321 INFO o.a.j.s.SaveService: Using SaveService properties version 5.0
2026-03-24 13:24:48,324 INFO o.a.j.s.SaveService: Using SaveService properties file encoding UTF-8
2026-03-24 13:24:48,325 INFO o.a.j.s.SaveService: Loading file: /Users/amelia/github/SQArepo/VC/smoketest/smoketest1/VC_basic_feature_v222_Report.jmx
2026-03-24 13:24:48,513 INFO o.a.j.s.SampleResult: Note: Sample TimeStamps are START times
2026-03-24 13:24:48,514 INFO o.a.j.s.SampleResult: sampleresult.default.encoding is set to UTF-8
2026-03-24 13:24:48,514 INFO o.a.j.s.SampleResult: sampleresult.useNanoTime=true
2026-03-24 13:24:48,514 INFO o.a.j.s.SampleResult: sampleresult.nanoThreadSleep=5000
2026-03-24 13:24:48,518 INFO o.a.j.p.h.c.CookieManager: Settings: Delete null: true Check: true Allow variable: true Save: false Prefix: COOKIE_
2026-03-24 13:24:48,531 INFO o.a.j.p.h.s.HTTPSamplerBase: Parser for text/html is org.apache.jmeter.protocol.http.parser.LagartoBasedHtmlParser
2026-03-24 13:24:48,531 INFO o.a.j.p.h.s.HTTPSamplerBase: Parser for application/xhtml+xml is org.apache.jmeter.protocol.http.parser.LagartoBasedHtmlParser
2026-03-24 13:24:48,531 INFO o.a.j.p.h.s.HTTPSamplerBase: Parser for application/xml is org.apache.jmeter.protocol.http.parser.LagartoBasedHtmlParser
2026-03-24 13:24:48,532 INFO o.a.j.p.h.s.HTTPSamplerBase: Parser for text/xml is org.apache.jmeter.protocol.http.parser.LagartoBasedHtmlParser
2026-03-24 13:24:48,532 INFO o.a.j.p.h.s.HTTPSamplerBase: Parser for text/vnd.wap.wml is org.apache.jmeter.protocol.http.parser.RegexpHTMLParser
2026-03-24 13:24:48,532 INFO o.a.j.p.h.s.HTTPSamplerBase: Parser for text/css is org.apache.jmeter.protocol.http.parser.CssParser
2026-03-24 13:24:48,759 INFO o.a.j.r.ClassFinder: Will scan jar /opt/homebrew/Cellar/jmeter/5.6.3/libexec/lib/ext/jmeter-plugins-manager-1.10.jar with filter ExtendsClassFilter [parents=[interface org.apache.jmeter.visualizers.ResultRenderer], inner=false, contains=null, notContains=null]. Consider exposing JMeter plugins via META-INF/services, and add JMeter-Skip-Class-Scanning=true manifest attribute so JMeter can skip classfile scanning
2026-03-24 13:24:48,761 INFO o.a.j.r.ClassFinder: Will scan jar /opt/homebrew/Cellar/jmeter/5.6.3/libexec/lib/ext/mysql-connector-j-8.1.0.jar with filter ExtendsClassFilter [parents=[interface org.apache.jmeter.visualizers.ResultRenderer], inner=false, contains=null, notContains=null]. Consider exposing JMeter plugins via META-INF/services, and add JMeter-Skip-Class-Scanning=true manifest attribute so JMeter can skip classfile scanning
2026-03-24 13:24:48,776 INFO o.a.j.r.ClassFinder: Will scan jar /opt/homebrew/Cellar/jmeter/5.6.3/libexec/lib/ext/jmeter-plugins-manager-1.10.jar with filter ExtendsClassFilter [parents=[interface org.apache.jmeter.visualizers.RequestView], inner=false, contains=null, notContains=null]. Consider exposing JMeter plugins via META-INF/services, and add JMeter-Skip-Class-Scanning=true manifest attribute so JMeter can skip classfile scanning
2026-03-24 13:24:48,777 INFO o.a.j.r.ClassFinder: Will scan jar /opt/homebrew/Cellar/jmeter/5.6.3/libexec/lib/ext/mysql-connector-j-8.1.0.jar with filter ExtendsClassFilter [parents=[interface org.apache.jmeter.visualizers.RequestView], inner=false, contains=null, notContains=null]. Consider exposing JMeter plugins via META-INF/services, and add JMeter-Skip-Class-Scanning=true manifest attribute so JMeter can skip classfile scanning
2026-03-24 13:24:48,805 INFO o.a.j.r.ClassFinder: Will scan jar /opt/homebrew/Cellar/jmeter/5.6.3/libexec/lib/ext/jmeter-plugins-manager-1.10.jar with filter ExtendsClassFilter [parents=[interface org.apache.jmeter.visualizers.backend.BackendListenerClient], inner=false, contains=null, notContains=null]. Consider exposing JMeter plugins via META-INF/services, and add JMeter-Skip-Class-Scanning=true manifest attribute so JMeter can skip classfile scanning
2026-03-24 13:24:48,806 INFO o.a.j.r.ClassFinder: Will scan jar /opt/homebrew/Cellar/jmeter/5.6.3/libexec/lib/ext/mysql-connector-j-8.1.0.jar with filter ExtendsClassFilter [parents=[interface org.apache.jmeter.visualizers.backend.BackendListenerClient], inner=false, contains=null, notContains=null]. Consider exposing JMeter plugins via META-INF/services, and add JMeter-Skip-Class-Scanning=true manifest attribute so JMeter can skip classfile scanning
2026-03-24 13:24:50,035 INFO o.a.j.s.FileServer: Set new base='/Users/amelia/github/SQArepo/VC/smoketest/smoketest1'
2026-03-24 15:26:01,178 INFO o.a.j.g.a.Load: Loading file: /Users/amelia/github/SQArepo/VC/smoketest/smoketest2/vc_basic_features_errorcase_v222(Report)-alpha2.jmx
2026-03-24 15:26:01,186 INFO o.a.j.s.FileServer: Set new base='/Users/amelia/github/SQArepo/VC/smoketest/smoketest2'
2026-03-24 15:26:01,187 INFO o.a.j.s.SaveService: Loading file: /Users/amelia/github/SQArepo/VC/smoketest/smoketest2/vc_basic_features_errorcase_v222(Report)-alpha2.jmx
2026-03-24 15:26:01,756 INFO o.a.j.r.ClassFinder: Will scan jar /opt/homebrew/Cellar/jmeter/5.6.3/libexec/lib/ext/jmeter-plugins-manager-1.10.jar with filter ExtendsClassFilter [parents=[interface org.apache.jmeter.visualizers.ResultRenderer], inner=false, contains=null, notContains=null]. Consider exposing JMeter plugins via META-INF/services, and add JMeter-Skip-Class-Scanning=true manifest attribute so JMeter can skip classfile scanning
2026-03-24 15:26:01,764 INFO o.a.j.r.ClassFinder: Will scan jar /opt/homebrew/Cellar/jmeter/5.6.3/libexec/lib/ext/mysql-connector-j-8.1.0.jar with filter ExtendsClassFilter [parents=[interface org.apache.jmeter.visualizers.ResultRenderer], inner=false, contains=null, notContains=null]. Consider exposing JMeter plugins via META-INF/services, and add JMeter-Skip-Class-Scanning=true manifest attribute so JMeter can skip classfile scanning
2026-03-24 15:26:01,781 INFO o.a.j.r.ClassFinder: Will scan jar /opt/homebrew/Cellar/jmeter/5.6.3/libexec/lib/ext/jmeter-plugins-manager-1.10.jar with filter ExtendsClassFilter [parents=[interface org.apache.jmeter.visualizers.RequestView], inner=false, contains=null, notContains=null]. Consider exposing JMeter plugins via META-INF/services, and add JMeter-Skip-Class-Scanning=true manifest attribute so JMeter can skip classfile scanning
2026-03-24 15:26:01,783 INFO o.a.j.r.ClassFinder: Will scan jar /opt/homebrew/Cellar/jmeter/5.6.3/libexec/lib/ext/mysql-connector-j-8.1.0.jar with filter ExtendsClassFilter [parents=[interface org.apache.jmeter.visualizers.RequestView], inner=false, contains=null, notContains=null]. Consider exposing JMeter plugins via META-INF/services, and add JMeter-Skip-Class-Scanning=true manifest attribute so JMeter can skip classfile scanning
2026-03-24 15:26:04,246 INFO o.a.j.s.FileServer: Set new base='/Users/amelia/github/SQArepo/VC/smoketest/smoketest2'
2026-03-24 15:44:26,012 INFO o.a.j.g.a.Load: Loading file: /Users/amelia/github/SQArepo/VC/smoketest/smoketest2/vc_basic_features_errorcase_v222(Report)-alpha2.jmx
2026-03-24 15:44:26,013 INFO o.a.j.s.FileServer: Set new base='/Users/amelia/github/SQArepo/VC/smoketest/smoketest2'
2026-03-24 15:44:26,014 INFO o.a.j.s.SaveService: Loading file: /Users/amelia/github/SQArepo/VC/smoketest/smoketest2/vc_basic_features_errorcase_v222(Report)-alpha2.jmx
2026-03-24 15:44:26,286 INFO o.a.j.r.ClassFinder: Will scan jar /opt/homebrew/Cellar/jmeter/5.6.3/libexec/lib/ext/jmeter-plugins-manager-1.10.jar with filter ExtendsClassFilter [parents=[interface org.apache.jmeter.visualizers.ResultRenderer], inner=false, contains=null, notContains=null]. Consider exposing JMeter plugins via META-INF/services, and add JMeter-Skip-Class-Scanning=true manifest attribute so JMeter can skip classfile scanning
2026-03-24 15:44:26,289 INFO o.a.j.r.ClassFinder: Will scan jar /opt/homebrew/Cellar/jmeter/5.6.3/libexec/lib/ext/mysql-connector-j-8.1.0.jar with filter ExtendsClassFilter [parents=[interface org.apache.jmeter.visualizers.ResultRenderer], inner=false, contains=null, notContains=null]. Consider exposing JMeter plugins via META-INF/services, and add JMeter-Skip-Class-Scanning=true manifest attribute so JMeter can skip classfile scanning
2026-03-24 15:44:26,297 INFO o.a.j.r.ClassFinder: Will scan jar /opt/homebrew/Cellar/jmeter/5.6.3/libexec/lib/ext/jmeter-plugins-manager-1.10.jar with filter ExtendsClassFilter [parents=[interface org.apache.jmeter.visualizers.RequestView], inner=false, contains=null, notContains=null]. Consider exposing JMeter plugins via META-INF/services, and add JMeter-Skip-Class-Scanning=true manifest attribute so JMeter can skip classfile scanning
2026-03-24 15:44:26,298 INFO o.a.j.r.ClassFinder: Will scan jar /opt/homebrew/Cellar/jmeter/5.6.3/libexec/lib/ext/mysql-connector-j-8.1.0.jar with filter ExtendsClassFilter [parents=[interface org.apache.jmeter.visualizers.RequestView], inner=false, contains=null, notContains=null]. Consider exposing JMeter plugins via META-INF/services, and add JMeter-Skip-Class-Scanning=true manifest attribute so JMeter can skip classfile scanning
2026-03-24 15:44:28,777 INFO o.a.j.s.FileServer: Set new base='/Users/amelia/github/SQArepo/VC/smoketest/smoketest2'
2026-03-24 17:04:30,676 INFO o.a.j.g.a.Load: Loading file: /Users/amelia/github/SQArepo/VC/smoketest/smoketest1/VC_basic_feature_v222_Report.jmx
2026-03-24 17:04:30,680 INFO o.a.j.s.FileServer: Set new base='/Users/amelia/github/SQArepo/VC/smoketest/smoketest1'
2026-03-24 17:04:30,681 INFO o.a.j.s.SaveService: Loading file: /Users/amelia/github/SQArepo/VC/smoketest/smoketest1/VC_basic_feature_v222_Report.jmx
2026-03-24 17:04:30,951 INFO o.a.j.r.ClassFinder: Will scan jar /opt/homebrew/Cellar/jmeter/5.6.3/libexec/lib/ext/jmeter-plugins-manager-1.10.jar with filter ExtendsClassFilter [parents=[interface org.apache.jmeter.visualizers.ResultRenderer], inner=false, contains=null, notContains=null]. Consider exposing JMeter plugins via META-INF/services, and add JMeter-Skip-Class-Scanning=true manifest attribute so JMeter can skip classfile scanning
2026-03-24 17:04:30,956 INFO o.a.j.r.ClassFinder: Will scan jar /opt/homebrew/Cellar/jmeter/5.6.3/libexec/lib/ext/mysql-connector-j-8.1.0.jar with filter ExtendsClassFilter [parents=[interface org.apache.jmeter.visualizers.ResultRenderer], inner=false, contains=null, notContains=null]. Consider exposing JMeter plugins via META-INF/services, and add JMeter-Skip-Class-Scanning=true manifest attribute so JMeter can skip classfile scanning
2026-03-24 17:04:30,967 INFO o.a.j.r.ClassFinder: Will scan jar /opt/homebrew/Cellar/jmeter/5.6.3/libexec/lib/ext/jmeter-plugins-manager-1.10.jar with filter ExtendsClassFilter [parents=[interface org.apache.jmeter.visualizers.RequestView], inner=false, contains=null, notContains=null]. Consider exposing JMeter plugins via META-INF/services, and add JMeter-Skip-Class-Scanning=true manifest attribute so JMeter can skip classfile scanning
2026-03-24 17:04:30,969 INFO o.a.j.r.ClassFinder: Will scan jar /opt/homebrew/Cellar/jmeter/5.6.3/libexec/lib/ext/mysql-connector-j-8.1.0.jar with filter ExtendsClassFilter [parents=[interface org.apache.jmeter.visualizers.RequestView], inner=false, contains=null, notContains=null]. Consider exposing JMeter plugins via META-INF/services, and add JMeter-Skip-Class-Scanning=true manifest attribute so JMeter can skip classfile scanning
2026-03-24 17:04:32,404 INFO o.a.j.s.FileServer: Set new base='/Users/amelia/github/SQArepo/VC/smoketest/smoketest1'
